[11:59:19.545] HIGH    --- [ main       ] VentLib.Vents                           : Updated Unity Log UI.
[11:59:20.066] HIGH    --- [ main       ] VentLib.Vents                           : Initializing VentFramework 1.0.19.0 by discussions (mainly tealeaf tho)
[11:59:20.070] INFO    --- [ main       ] VentLib.Vents                           : Registering VentFrameworkContinued
[11:59:20.300] TRACE   --- [ main       ] VentLib.Utilities.Attributes.LoadStatic : Statically Initialized Class VentLib.Options.Processors.ValueTypeProcessors
[11:59:20.302] TRACE   --- [ main       ] VentLib.Utilities.Attributes.LoadStatic : Statically Initialized Class VentLib.Options.Game.GameOptionController
[11:59:20.318] TRACE   --- [ main       ] VentLib.Utilities.Attributes.LoadStatic : Statically Initialized Class VentLib.Networking.NetworkRules
[11:59:20.321] TRACE   --- [ main       ] V.Utilities.Harmony.HarmonyQuickPatcher : Quick Patching => StartGame (AmongUsClient)
[11:59:20.385] TRACE   --- [ main       ] V.Utilities.Harmony.HarmonyQuickPatcher : Quick Patching => DisconnectInternal (InnerNet.InnerNetClient)
[11:59:20.462] TRACE   --- [ main       ] V.Utilities.Harmony.HarmonyQuickPatcher : Quick Patching => Start (LobbyBehaviour)
[11:59:20.494] TRACE   --- [ main       ] V.Utilities.Harmony.HarmonyQuickPatcher : Quick Patching => RpcSendChat (PlayerControl)
[11:59:20.990] INFO    --- [ main       ] VentLib.Localization.Localizer          : Loading Language File: lang_English.yaml
[11:59:21.222] INFO    --- [ main       ] VentLib.Localization.Localizer          : Loading Language File: lang_Espanol.yaml
[11:59:21.273] INFO    --- [ main       ] VentLib.Localization.Localizer          : Loading Language File: lang_Francais.yaml
[11:59:21.304] INFO    --- [ main       ] VentLib.Vents                           : Registering 3 methods from VentFrameworkContinued
[11:59:21.607] HIGH    --- [ main       ] VentLib.Vents                           : Sucessfully initialized VentFramework.
[11:59:21.663] TRACE   --- [ main       ] Lotus.Managers.PluginDataManager        : Loading Template Manager
[11:59:21.693] ERROR   --- [ main       ] Lotus.Managers.Templates.TemplateManager: No node deserializer was able to deserialize the node into type Lotus.Managers.Templates.Models.TemplateFile, Lotus, Version=1.1.0.805, Culture=neutral, PublicKeyToken=null
[11:59:21.694] TRACE   --- [ main       ] Lotus.Managers.PluginDataManager        : Loading Chat Manager
[11:59:21.715] DEV     --- [ main       ] Lotus.Managers.ChatManager              : Content: GlobalBannedWords:
- YourGlobally
- BannedWordsHere
LobbyBannedWords:
- YourLobby
- BannedWordsHere

[11:59:21.717] TRACE   --- [ main       ] Lotus.Managers.PluginDataManager        : Loading Friend Manager
[11:59:21.723] TRACE   --- [ main       ] Lotus.Managers.PluginDataManager        : Loading Title Manager
[11:59:21.775] ERROR   --- [ main       ] Lotus.Managers.Titles.TitleManager      : Error loading title file: friendcode#0000.yaml.
[11:59:21.775] TRACE   --- [ main       ] Lotus.Managers.PluginDataManager        : Loading Ban Manager
[11:59:22.167] INFO    --- [ main       ] VentLib.Vents                           : Registering Lotus
[11:59:22.402] ERROR   --- [ main       ] UNITY                                   : Method Void add_OnTextSubmit(TextSubmitEvent) on type Lotus.Logging.LogUI has unsupported parameter TextSubmitEvent value of type Lotus.Logging.LogUI+TextSubmitEvent
[11:59:22.403] ERROR   --- [ main       ] UNITY                                   : Method Void remove_OnTextSubmit(TextSubmitEvent) on type Lotus.Logging.LogUI has unsupported parameter TextSubmitEvent value of type Lotus.Logging.LogUI+TextSubmitEvent
[11:59:22.427] ERROR   --- [ main       ] UNITY                                   : Registered mono type Lotus.Logging.LogUI in il2cpp domain
[11:59:22.434] ERROR   --- [ main       ] UNITY                                   : Registered mono type Lotus.GUI.PersistentAssetLoader in il2cpp domain
[11:59:22.435] ERROR   --- [ main       ] UNITY                                   : Method Void LoadUpdateItem(UpdateItem, Int32) on type Lotus.GUI.Menus.ModUpdateMenu has unsupported parameter UpdateItem item of type Lotus.GUI.Menus.ModUpdateMenu+UpdateItem
[11:59:22.438] ERROR   --- [ main       ] UNITY                                   : Registered mono type Lotus.GUI.Menus.ModUpdateMenu in il2cpp domain
[11:59:22.439] ERROR   --- [ main       ] UNITY                                   : Registered mono type Lotus.GUI.Menus.OptionsMenu.CustomOptionBar in il2cpp domain
[11:59:22.440] ERROR   --- [ main       ] UNITY                                   : Method System.Func`3[UnityEngine.Sprite,System.String,PassiveButton] CreateButton(OptionsMenuBehaviour) on type Lotus.GUI.Menus.OptionsMenu.CustomOptionContainer has unsupported return type System.Func`3[UnityEngine.Sprite,System.String,PassiveButton]
[11:59:22.447] ERROR   --- [ main       ] UNITY                                   : Registered mono type Lotus.GUI.Menus.OptionsMenu.CustomOptionContainer in il2cpp domain
[11:59:22.449] ERROR   --- [ main       ] UNITY                                   : Registered mono type Lotus.GUI.Menus.OptionsMenu.Submenus.GeneralMenu in il2cpp domain
[11:59:22.469] ERROR   --- [ main       ] UNITY                                   : Registered mono type Lotus.GUI.Menus.OptionsMenu.Submenus.GraphicsMenu in il2cpp domain
[11:59:22.470] ERROR   --- [ main       ] UNITY                                   : Registered mono type Lotus.GUI.Menus.OptionsMenu.Submenus.SoundMenu in il2cpp domain
[11:59:22.472] ERROR   --- [ main       ] UNITY                                   : Registered mono type Lotus.GUI.Menus.OptionsMenu.Submenus.VentLibMenu in il2cpp domain
[11:59:22.472] ERROR   --- [ main       ] UNITY                                   : Method Void SetToggleOnAction(System.Action) on type Lotus.GUI.Menus.OptionsMenu.Components.MonoToggleButton has unsupported parameter System.Action action of type System.Action
[11:59:22.472] ERROR   --- [ main       ] UNITY                                   : Method Void SetToggleOffAction(System.Action) on type Lotus.GUI.Menus.OptionsMenu.Components.MonoToggleButton has unsupported parameter System.Action action of type System.Action
[11:59:22.473] ERROR   --- [ main       ] UNITY                                   : Method Void ConfigureAsPressButton(System.String, System.Action) on type Lotus.GUI.Menus.OptionsMenu.Components.MonoToggleButton has unsupported parameter System.Action action of type System.Action
[11:59:22.475] ERROR   --- [ main       ] UNITY                                   : Registered mono type Lotus.GUI.Menus.OptionsMenu.Components.MonoToggleButton in il2cpp domain
[11:59:22.477] ERROR   --- [ main       ] UNITY                                   : Registered mono type Lotus.GUI.Menus.OptionsMenu.Components.SimpleDropdownButton in il2cpp domain
[11:59:22.478] ERROR   --- [ main       ] UNITY                                   : Method Void SetToggleOnAction(System.Action) on type Lotus.GUI.Menus.OptionsMenu.Components.TiledToggleButton has unsupported parameter System.Action action of type System.Action
[11:59:22.478] ERROR   --- [ main       ] UNITY                                   : Method Void SetToggleOffAction(System.Action) on type Lotus.GUI.Menus.OptionsMenu.Components.TiledToggleButton has unsupported parameter System.Action action of type System.Action
[11:59:22.480] ERROR   --- [ main       ] UNITY                                   : Registered mono type Lotus.GUI.Menus.OptionsMenu.Components.TiledToggleButton in il2cpp domain
[11:59:22.482] ERROR   --- [ main       ] UNITY                                   : Registered mono type Lotus.GUI.Menus.HistoryMenu2.GameLogMenu in il2cpp domain
[11:59:22.482] ERROR   --- [ main       ] UNITY                                   : Method Void <.ctor>b__7_0(Lotus.API.Reactive.HookEvents.GameStateHookEvent) on type Lotus.GUI.Menus.HistoryMenu2.HM2 has unsupported parameter Lotus.API.Reactive.HookEvents.GameStateHookEvent _ of type Lotus.API.Reactive.HookEvents.GameStateHookEvent
[11:59:22.485] ERROR   --- [ main       ] UNITY                                   : Registered mono type Lotus.GUI.Menus.HistoryMenu2.HM2 in il2cpp domain
[11:59:22.488] TRACE   --- [ main       ] Lotus.API.Stats.BoundStatistic`1        : Binding Statistic: Statistic::Vanilla.Player.Games
[11:59:22.489] TRACE   --- [ main       ] Lotus.API.Stats.BoundStatistic`1        : Binding Statistic: Statistic::Vanilla.Player.Wins
[11:59:22.489] TRACE   --- [ main       ] Lotus.API.Stats.BoundStatistic`1        : Binding Statistic: Statistic::Vanilla.Player.Losses
[11:59:22.489] TRACE   --- [ main       ] Lotus.API.Stats.BoundStatistic`1        : Binding Statistic: Statistic::Vanilla.Player.Kills
[11:59:22.489] TRACE   --- [ main       ] Lotus.API.Stats.BoundStatistic`1        : Binding Statistic: Statistic::Vanilla.Player.Deaths
[11:59:22.489] TRACE   --- [ main       ] Lotus.API.Stats.BoundStatistic`1        : Binding Statistic: Statistic::Vanilla.Player.FirstKills
[11:59:22.489] TRACE   --- [ main       ] Lotus.API.Stats.BoundStatistic`1        : Binding Statistic: Statistic::Vanilla.Player.FirstDeaths
[11:59:22.489] TRACE   --- [ main       ] Lotus.API.Stats.BoundStatistic`1        : Binding Statistic: Statistic::Vanilla.Player.Shapeshifts
[11:59:22.489] TRACE   --- [ main       ] Lotus.API.Stats.BoundStatistic`1        : Binding Statistic: Statistic::Vanilla.Player.TimesVented
[11:59:22.489] TRACE   --- [ main       ] Lotus.API.Stats.BoundStatistic`1        : Binding Statistic: Statistic::Vanilla.Player.TasksComplete
[11:59:22.489] TRACE   --- [ main       ] Lotus.API.Stats.BoundStatistic`1        : Binding Statistic: Statistic::Vanilla.Player.ShortTasksComplete
[11:59:22.489] TRACE   --- [ main       ] Lotus.API.Stats.BoundStatistic`1        : Binding Statistic: Statistic::Vanilla.Player.LongTasksComplete
[11:59:22.489] TRACE   --- [ main       ] Lotus.API.Stats.BoundStatistic`1        : Binding Statistic: Statistic::Vanilla.Player.CommonTasksComplete
[11:59:22.489] TRACE   --- [ main       ] Lotus.API.Stats.BoundStatistic`1        : Binding Statistic: Statistic::Vanilla.Player.LightsSabotaged
[11:59:22.489] TRACE   --- [ main       ] Lotus.API.Stats.BoundStatistic`1        : Binding Statistic: Statistic::Vanilla.Player.ReactorSabotaged
[11:59:22.489] TRACE   --- [ main       ] Lotus.API.Stats.BoundStatistic`1        : Binding Statistic: Statistic::Vanilla.Player.OxygenSabotaged
[11:59:22.489] TRACE   --- [ main       ] Lotus.API.Stats.BoundStatistic`1        : Binding Statistic: Statistic::Vanilla.Player.CommsSabotaged
[11:59:22.489] TRACE   --- [ main       ] Lotus.API.Stats.BoundStatistic`1        : Binding Statistic: Statistic::Vanilla.Player.DoorsSabotaged
[11:59:22.489] TRACE   --- [ main       ] Lotus.API.Stats.BoundStatistic`1        : Binding Statistic: Statistic::Vanilla.Player.SabotagesCalled
[11:59:22.489] TRACE   --- [ main       ] Lotus.API.Stats.BoundStatistic`1        : Binding Statistic: Statistic::Vanilla.Player.SabotagesFixed
[11:59:22.489] TRACE   --- [ main       ] Lotus.API.Stats.BoundStatistic`1        : Binding Statistic: Statistic::Vanilla.Player.MeetingsCalled
[11:59:22.489] TRACE   --- [ main       ] Lotus.API.Stats.BoundStatistic`1        : Binding Statistic: Statistic::Vanilla.Player.BodiesReported
[11:59:22.489] TRACE   --- [ main       ] Lotus.API.Stats.BoundStatistic`1        : Binding Statistic: Statistic::Vanilla.Player.MessagesSent
[11:59:22.489] TRACE   --- [ main       ] Lotus.API.Stats.BoundStatistic`1        : Binding Statistic: Statistic::Vanilla.Player.PlayersExiled
[11:59:22.489] TRACE   --- [ main       ] Lotus.API.Stats.BoundStatistic`1        : Binding Statistic: Statistic::Vanilla.Player.TimesExiled
[11:59:22.489] TRACE   --- [ main       ] Lotus.API.Stats.BoundStatistic`1        : Binding Statistic: Statistic::Vanilla.Player.TimesVoteSkipped
[11:59:22.489] TRACE   --- [ main       ] Lotus.API.Stats.BoundStatistic`1        : Binding Statistic: Statistic::Vanilla.Player.TimesVoted
[11:59:22.489] TRACE   --- [ main       ] Lotus.API.Stats.BoundStatistic`1        : Binding Statistic: Statistic::Vanilla.Player.TotalVotesFor
[11:59:22.489] TRACE   --- [ main       ] Lotus.API.Stats.BoundStatistic`1        : Binding Statistic: Statistic::Vanilla.Player.TimeAlive
[11:59:22.490] TRACE   --- [ main       ] Lotus.API.Stats.BoundStatistic`1        : Binding Statistic: Statistic::Vanilla.Player.TimeDead
[11:59:22.490] TRACE   --- [ main       ] Lotus.API.Stats.BoundStatistic`1        : Binding Statistic: Statistic::Vanilla.Player.TotalTime
[11:59:23.015] ERROR   --- [ main       ] UNITY                                   : Registered mono type Lotus.GUI.Menus.HistoryMenu2.ResultsMenu in il2cpp domain
[11:59:23.017] ERROR   --- [ main       ] UNITY                                   : Registered mono type Lotus.GUI.Components.LazyProgressBar in il2cpp domain
[11:59:23.017] ERROR   --- [ main       ] UNITY                                   : Method Void <DoUpdate>b__5_0(System.Object, Single) on type Lotus.GUI.Components.UpdateComponent has unsupported parameter System.Object _ of type System.Object
[11:59:23.018] ERROR   --- [ main       ] UNITY                                   : Registered mono type Lotus.GUI.Components.UpdateComponent in il2cpp domain
[11:59:23.028] WARN    --- [ main       ] V.Options.Game.GameOptionController     : Unable to Refresh Option Controller
[11:59:23.029] WARN    --- [ main       ] V.Options.Game.GameOptionController     : Unable to Refresh Option Controller
[11:59:23.029] WARN    --- [ main       ] V.Options.Game.GameOptionController     : Unable to Refresh Option Controller
[11:59:23.030] WARN    --- [ main       ] V.Options.Game.GameOptionController     : Unable to Refresh Option Controller
[11:59:23.030] WARN    --- [ main       ] V.Options.Game.GameOptionController     : Unable to Refresh Option Controller
[11:59:23.185] TRACE   --- [ main       ] VentLib.Utilities.Attributes.LoadStatic : Statically Initialized Class LotusTrigger.Options.GeneralOptions
[11:59:23.189] TRACE   --- [ main       ] VentLib.Utilities.Attributes.LoadStatic : Statically Initialized Class Lotus.Utilities.ColorMapper
[11:59:23.203] TRACE   --- [ main       ] VentLib.Utilities.Attributes.LoadStatic : Statically Initialized Class Lotus.Utilities.ResolutionUtils
[11:59:23.203] TRACE   --- [ main       ] VentLib.Utilities.Attributes.LoadStatic : Statically Initialized Class Lotus.Roles.Debugger.Debugger
[11:59:23.204] TRACE   --- [ main       ] VentLib.Utilities.Attributes.LoadStatic : Statically Initialized Class Lotus.Patches.Systems.SabotagePatch
[11:59:23.204] TRACE   --- [ main       ] VentLib.Utilities.Attributes.LoadStatic : Statically Initialized Class Lotus.Patches.Network.PlayerJoinPatch
[11:59:23.204] TRACE   --- [ main       ] VentLib.Utilities.Attributes.LoadStatic : Statically Initialized Class Lotus.Patches.Meetings.MeetingStartPatch
[11:59:23.239] TRACE   --- [ main       ] VentLib.Options.OptionManager           : Saving Options to "options.txt"
[11:59:23.247] ALL     --- [ main       ] VentLib.Options.IO.EssFile              : HostGM: False
[11:59:23.247] ALL     --- [ main       ] VentLib.Options.IO.EssFile              : Chat AutoKick: True
[11:59:23.247] ALL     --- [ main       ] VentLib.Options.IO.EssFile              : Kick Players Without Friendcode: False
[11:59:23.247] ALL     --- [ main       ] VentLib.Options.IO.EssFile              : Kick Players Under Level: 0
[11:59:23.247] ALL     --- [ main       ] VentLib.Options.IO.EssFile              : Kick Mobile Players: False
[11:59:23.247] ALL     --- [ main       ] VentLib.Options.IO.EssFile              : Auto Start: False
[11:59:23.247] ALL     --- [ main       ] VentLib.Options.IO.EssFile              :   * Player Threshold: -1
[11:59:23.247] ALL     --- [ main       ] VentLib.Options.IO.EssFile              :   * Maximum Wait Time: -1
[11:59:23.247] ALL     --- [ main       ] VentLib.Options.IO.EssFile              :   * Game Countdown: 10
[11:59:23.247] ALL     --- [ main       ] VentLib.Options.IO.EssFile              : Auto Play Again: True
[11:59:23.247] ALL     --- [ main       ] VentLib.Options.IO.EssFile              : Max Framerate: 60
[11:59:23.248] TRACE   --- [ main       ] VentLib.Options.OptionManager           : Saved Options
[11:59:23.248] TRACE   --- [ main       ] VentLib.Utilities.Attributes.LoadStatic : Statically Initialized Class Lotus.Options.ClientOptions
[11:59:23.248] TRACE   --- [ main       ] VentLib.Utilities.Attributes.LoadStatic : Statically Initialized Class Lotus.Options.DefaultTabs
[11:59:23.249] TRACE   --- [ main       ] VentLib.Utilities.Attributes.LoadStatic : Statically Initialized Class Lotus.Managers.CooldownManager
[11:59:23.249] TRACE   --- [ main       ] VentLib.Utilities.Attributes.LoadStatic : Statically Initialized Class Lotus.Managers.PluginDataManager
[11:59:23.253] TRACE   --- [ main       ] VentLib.Utilities.Attributes.LoadStatic : Statically Initialized Class Lotus.Managers.Reporting.ReportManager
[11:59:23.255] TRACE   --- [ main       ] VentLib.Utilities.Attributes.LoadStatic : Statically Initialized Class Lotus.Managers.Reporting.RpcReporter
[11:59:23.260] TRACE   --- [ main       ] VentLib.Utilities.Attributes.LoadStatic : Statically Initialized Class Lotus.Managers.Hotkeys.ModKeybindings
[11:59:23.279] TRACE   --- [ main       ] VentLib.Utilities.Attributes.LoadStatic : Statically Initialized Class Lotus.Managers.Date.SpecialDate
[11:59:23.281] TRACE   --- [ main       ] VentLib.Utilities.Attributes.LoadStatic : Statically Initialized Class Lotus.Logging.LogManager
[11:59:23.284] TRACE   --- [ main       ] VentLib.Utilities.Attributes.LoadStatic : Statically Initialized Class Lotus.GUI.Menus.OptionsMenu.OptionMenuResources
[11:59:23.286] TRACE   --- [ main       ] VentLib.Utilities.Attributes.LoadStatic : Statically Initialized Class Lotus.Chat.Commands.LastResultCommand
[11:59:23.286] TRACE   --- [ main       ] VentLib.Utilities.Attributes.LoadStatic : Statically Initialized Class Lotus.API.ModVersion
[11:59:23.286] TRACE   --- [ main       ] VentLib.Utilities.Attributes.LoadStatic : Statically Initialized Class Lotus.API.Processes.NameUpdateProcess
[11:59:23.286] TRACE   --- [ main       ] VentLib.Utilities.Attributes.LoadStatic : Statically Initialized Class Lotus.API.Player.UniquePlayerId
[11:59:23.287] TRACE   --- [ main       ] V.Utilities.Harmony.HarmonyQuickPatcher : Quick Patching => RawSetName (PlayerControl)
[11:59:23.306] TRACE   --- [ main       ] V.Utilities.Harmony.HarmonyQuickPatcher : Quick Patching => Update (GameStartManager)
[11:59:23.322] TRACE   --- [ main       ] V.Utilities.Harmony.HarmonyQuickPatcher : Quick Patching => RpcSetName (PlayerControl)
[11:59:23.338] TRACE   --- [ main       ] V.Utilities.Harmony.HarmonyQuickPatcher : Quick Patching => GetBroadcastVersion (Constants)
[11:59:23.362] TRACE   --- [ main       ] V.Utilities.Harmony.HarmonyQuickPatcher : Quick Patching => OnClick (HostLocalGameButton)
[11:59:23.395] TRACE   --- [ main       ] V.Utilities.Harmony.HarmonyQuickPatcher : Quick Patching => VotingComplete (MeetingHud)
[11:59:23.404] HIGH    --- [ .NET Threa ] VentLib.Version.Updater.ModUpdater      : Retrieved Release Metadata... ( (Created At: 1/1/0001 12:00:00 AM)
[11:59:23.425] TRACE   --- [ main       ] V.Utilities.Harmony.HarmonyQuickPatcher : Quick Patching => ToggleHighlight (PlayerControl)
[11:59:23.448] TRACE   --- [ main       ] V.Utilities.Harmony.HarmonyQuickPatcher : Quick Patching => SetOutline (Vent)
[11:59:23.474] TRACE   --- [ main       ] V.Utilities.Harmony.HarmonyQuickPatcher : Quick Patching => CheckMurder (PlayerControl)
[11:59:23.492] TRACE   --- [ main       ] V.Utilities.Harmony.HarmonyQuickPatcher : Quick Patching => MurderPlayer (PlayerControl)
[11:59:23.509] TRACE   --- [ main       ] V.Utilities.Harmony.HarmonyQuickPatcher : Quick Patching => MurderPlayer (PlayerControl)
[11:59:23.528] TRACE   --- [ main       ] V.Utilities.Harmony.HarmonyQuickPatcher : Quick Patching => TryPet (PlayerControl)
[11:59:23.547] TRACE   --- [ main       ] V.Utilities.Harmony.HarmonyQuickPatcher : Quick Patching => HandleRpc (PlayerPhysics)
[11:59:23.566] TRACE   --- [ main       ] V.Utilities.Harmony.HarmonyQuickPatcher : Quick Patching => SaveNormalHostOptions (GameOptionsManager)
[11:59:23.606] TRACE   --- [ main       ] V.Utilities.Harmony.HarmonyQuickPatcher : Quick Patching => OnPlayerJoined (AmongUsClient)
[11:59:23.630] TRACE   --- [ main       ] V.Utilities.Harmony.HarmonyQuickPatcher : Quick Patching => MakePublic (GameStartManager)
[11:59:23.648] TRACE   --- [ main       ] V.Utilities.Harmony.HarmonyQuickPatcher : Quick Patching => DisconnectInternal (InnerNet.InnerNetClient)
[11:59:23.669] TRACE   --- [ main       ] V.Utilities.Harmony.HarmonyQuickPatcher : Quick Patching => Update (ControllerManager)
[11:59:23.730] TRACE   --- [ main       ] V.Utilities.Harmony.HarmonyQuickPatcher : Quick Patching => Start (HudManager)
[11:59:23.754] TRACE   --- [ main       ] V.Utilities.Harmony.HarmonyQuickPatcher : Quick Patching => Start (DiscordManager)
[11:59:23.783] TRACE   --- [ main       ] V.Utilities.Harmony.HarmonyQuickPatcher : Quick Patching => OpenGameModeMenu (MainMenuManager)
[11:59:23.829] TRACE   --- [ main       ] V.Utilities.Harmony.HarmonyQuickPatcher : Quick Patching => ReceiveMouseOver (PassiveButton)
[11:59:23.857] TRACE   --- [ main       ] V.Utilities.Harmony.HarmonyQuickPatcher : Quick Patching => ResetText (OptionsMenuBehaviour)
[11:59:23.874] TRACE   --- [ main       ] V.Utilities.Harmony.HarmonyQuickPatcher : Quick Patching => Start (HudManager)
[11:59:23.895] TRACE   --- [ main       ] V.Utilities.Harmony.HarmonyQuickPatcher : Quick Patching => SetRight (ChatBubble)
[11:59:23.923] TRACE   --- [ main       ] V.Utilities.Harmony.HarmonyQuickPatcher : Quick Patching => SetLeft (ChatBubble)
[11:59:23.943] TRACE   --- [ main       ] V.Utilities.Harmony.HarmonyQuickPatcher : Quick Patching => UpdateCharCount (FreeChatInputField)
[11:59:23.973] TRACE   --- [ main       ] V.Utilities.Harmony.HarmonyQuickPatcher : Quick Patching => LoseFocus (TextBoxTMP)
[11:59:23.992] TRACE   --- [ main       ] V.Utilities.Harmony.HarmonyQuickPatcher : Quick Patching => SetText (TextBoxTMP)
[11:59:24.037] INFO    --- [ main       ] VentLib.Vents                           : Registering 7 methods from Lotus
[11:59:25.679] INFO    --- [ main       ] VentLib.Localization.Localizer          : Loading Language File: lang_Template.yaml
[11:59:25.710] TRACE   --- [ main       ] VentLib.Localization.Language           : Saving Translation File: lang_Template.yaml
[11:59:25.766] TRACE   --- [ main       ] VentLib.Localization.Language           : Saving Translation File: lang_Template.yaml
[11:59:25.779] WARN    --- [ main       ] VentLib.Options.OptionManager           : Failed to load option (GameMode). Attempting to recreate in file.
[11:59:29.356] WARN    --- [ main       ] UNITY                                   : DontDestroyOnLoad only works for root GameObjects or components on root GameObjects.
[11:59:29.821] DEBUG   --- [ main       ] Lotus.GUI.PersistentAssetLoader         : Loading Persistent Sprite: OptionMenuResourcesOptionsBackgroundSprite => Lotus.assets.Settings.MenuBackground.png
[11:59:30.951] DEBUG   --- [ main       ] Lotus.GUI.PersistentAssetLoader         : Loading Persistent Sprite: OptionMenuResourcesModUpdaterBackgroundSprite => Lotus.assets.Settings.UpdateMenuBackground.png
[11:59:31.181] DEBUG   --- [ main       ] Lotus.GUI.PersistentAssetLoader         : Loading Persistent Sprite: OptionMenuResourcesProgressBarFull => Lotus.assets.Settings.ProgressBarFill.png
[11:59:31.207] DEBUG   --- [ main       ] Lotus.GUI.PersistentAssetLoader         : Loading Persistent Sprite: OptionMenuResourcesProgressBarMask => Lotus.assets.Settings.ProgressBarMask.png
[11:59:31.237] DEBUG   --- [ main       ] Lotus.GUI.PersistentAssetLoader         : Loading Persistent Sprite: OptionMenuResourcesButtonOnSprite => Lotus.assets.Settings.SelectButton.png
[11:59:31.244] DEBUG   --- [ main       ] Lotus.GUI.PersistentAssetLoader         : Loading Persistent Sprite: OptionMenuResourcesButtonOffSprite => Lotus.assets.Settings.UnselectButton.png
[11:59:31.251] DEBUG   --- [ main       ] Lotus.GUI.PersistentAssetLoader         : Loading Persistent Sprite: OptionMenuResourcesGeneralButton => Lotus.assets.Settings.GeneralBlank.png
[11:59:31.258] DEBUG   --- [ main       ] Lotus.GUI.PersistentAssetLoader         : Loading Persistent Sprite: OptionMenuResourcesGraphicsButton => Lotus.assets.Settings.GraphicBlank.png
[11:59:31.265] DEBUG   --- [ main       ] Lotus.GUI.PersistentAssetLoader         : Loading Persistent Sprite: OptionMenuResourcesSoundButton => Lotus.assets.Settings.SoundBlank.png
[11:59:31.271] DEBUG   --- [ main       ] Lotus.GUI.PersistentAssetLoader         : Loading Persistent Sprite: OptionMenuResourcesVentLibButton => Lotus.assets.Settings.VentLibBlank.png
[11:59:31.279] DEBUG   --- [ main       ] Lotus.GUI.PersistentAssetLoader         : Loading Persistent Sprite: OptionMenuResourcesAddonsButton => Lotus.assets.Settings.AddonBlank.png
[11:59:31.286] DEBUG   --- [ main       ] Lotus.GUI.PersistentAssetLoader         : Loading Persistent Sprite: OptionMenuResourcesReturnButton => Lotus.assets.Settings.ReturnBlank.png
[11:59:31.294] DEBUG   --- [ main       ] Lotus.GUI.PersistentAssetLoader         : Loading Persistent Sprite: OptionMenuResourcesExitButton => Lotus.assets.Settings.ExitBlank.png
[11:59:32.052] HIGH    --- [ main       ] UNITY                                   : Sending addressables request to https://6b8b0d91-4a20-4a00-a3e4-4da4a883a5f0.client-api.unity3dusercontent.com/client_api/v1/buckets/58f688ec-5d74-4442-b564-c248b978e815/release_by_badge/2024_3_5-2024_1_11_1015/entry_by_path/content/?path=/catalog_2024.02.14.05.59.38.hash
[11:59:33.290] WARN    --- [ main       ] UNITY                                   : No translation found in English for the following StringNames:
None
DataPolicyTitle
DataPolicyText
VitalsOK
VitalsDEAD
VitalsDC
NoTranslation
CrewmateGhostRole
ImpostorGhostRole
HideSeekHowToPlayTitleOne
HideSeekHowToPlayImpostorOne
QCCrewMyself
QCRemarks
ANY
CreateTryAgain
ColorSunset
DownloadLabel
UploadLabel
HolidayHatLabel
XpGained
PodsEarned
CosmicubeNodeUnlocked
PrestigeLevelShorthand
ErrorSelfPlatformLock
CrewmateLeadTime
CrewmadeHideBlurb
ImpostorKillBlurb
HideCountdown
ScaryMusicDistance
ShortTaskTimeValue
LongTaskTimeValue
CommonTaskTimeValue
VeryScaryMusicDistance
SeekerFinalVents
CrewmateVentCooldown
ShowPingTime
MinPingTime
ShowImpostorNames
TryAgain
[11:59:33.302] HIGH    --- [ main       ] UNITY                                   : Censor set language = English
[11:59:33.340] HIGH    --- [ main       ] UNITY                                   : Hooked up SceneManager callback
[11:59:33.341] HIGH    --- [ main       ] UNITY                                   : Begin async loading MainMenu
[11:59:37.222] HIGH    --- [ main       ] UNITY                                   : Game options game mode switched to Normal
[11:59:39.058] ERROR   --- [ main       ] UNITY                                   : Registered mono type BepInEx.Unity.IL2CPP.Utils.Collections.Il2CppManagedEnumerator in il2cpp domain
[11:59:39.240] HIGH    --- [ main       ] UNITY                                   : ServerManager::LoadServers
[11:59:39.896] DEV     --- [ main       ] Lotus.GUI.Patches.SplashPatch           : ??
[11:59:40.023] DEV     --- [ main       ] Lotus.GUI.Patches.SplashPatch           : ?????
[11:59:40.427] DEV     --- [ main       ] Lotus.Extensions.DebugExtensions        : (UnityEngine.Transform, Inventory Button), (PassiveButton, Inventory Button), (UnityEngine.BoxCollider2D, Inventory Button), (AspectScaledAsset, Inventory Button), (UnityEngine.Transform, FontPlacer), (UnityEngine.SpriteRenderer, FontPlacer), (UnityEngine.RectTransform, Text_TMP), (UnityEngine.MeshRenderer, Text_TMP), (TMPro.TextMeshPro, Text_TMP), (TextTranslatorTMP, Text_TMP), (AspectPosition, Text_TMP), (UnityEngine.MeshFilter, Text_TMP), (UnityEngine.Transform, Inactive), (UnityEngine.SpriteRenderer, Inactive), (UnityEngine.Transform, Icon), (UnityEngine.SpriteRenderer, Icon), (AspectPosition, Icon), (UnityEngine.Transform, Shine), (UnityEngine.SpriteRenderer, Shine)
[11:59:40.526] DEV     --- [ main       ] Lotus.Extensions.DebugExtensions        : (UnityEngine.Transform, ShopButton), (PassiveButton, ShopButton), (UnityEngine.BoxCollider2D, ShopButton), (AspectScaledAsset, ShopButton), (UnityEngine.Transform, FontPlacer), (UnityEngine.SpriteRenderer, FontPlacer), (UnityEngine.RectTransform, Text_TMP), (UnityEngine.MeshRenderer, Text_TMP), (TMPro.TextMeshPro, Text_TMP), (TextTranslatorTMP, Text_TMP), (AspectPosition, Text_TMP), (UnityEngine.MeshFilter, Text_TMP), (UnityEngine.Transform, NewItem), (AspectPosition, NewItem), (UnityEngine.Transform, Sprite), (UnityEngine.SpriteRenderer, Sprite), (UnityEngine.RectTransform, Text), (UnityEngine.MeshRenderer, Text), (TMPro.TextMeshPro, Text), (UnityEngine.MeshFilter, Text), (UnityEngine.Transform, Inactive), (UnityEngine.SpriteRenderer, Inactive), (UnityEngine.Transform, Icon), (UnityEngine.SpriteRenderer, Icon), (AspectPosition, Icon), (UnityEngine.Transform, Shine), (UnityEngine.SpriteRenderer, Shine)
[11:59:40.536] DEV     --- [ main       ] Lotus.Extensions.DebugExtensions        : (UnityEngine.Transform, NewsButton), (PassiveButton, NewsButton), (UnityEngine.BoxCollider2D, NewsButton), (AspectScaledAsset, NewsButton), (NewsCountButton, NewsButton), (UnityEngine.Transform, FontPlacer), (UnityEngine.SpriteRenderer, FontPlacer), (UnityEngine.RectTransform, Text_TMP), (UnityEngine.MeshRenderer, Text_TMP), (TMPro.TextMeshPro, Text_TMP), (TextTranslatorTMP, Text_TMP), (AspectPosition, Text_TMP), (UnityEngine.MeshFilter, Text_TMP), (UnityEngine.Transform, Inactive), (UnityEngine.SpriteRenderer, Inactive), (UnityEngine.Transform, Icon), (UnityEngine.SpriteRenderer, Icon), (AspectPosition, Icon), (UnityEngine.Transform, NewItem), (AspectPosition, NewItem), (UnityEngine.Transform, Sprite), (UnityEngine.SpriteRenderer, Sprite), (UnityEngine.RectTransform, Text), (UnityEngine.MeshRenderer, Text), (TMPro.TextMeshPro, Text), (UnityEngine.MeshFilter, Text)
[11:59:42.270] TRACE   --- [ main       ] Lotus.GUI.Menus.ModUpdateMenu           : Update ready during Mod Menu Creation: False
[11:59:42.729] HIGH    --- [ main       ] UNITY                                   : Among Us Version v2024.3.5s (build num: 3971) Pipeline Build Num: 3971
[11:59:43.355] HIGH    --- [ main       ] UNITY                                   : There were no cosmicubes to download ahead of time
[11:59:46.060] WARN    --- [ main       ] UNITY                                   : Unity IAP: <b>Unity In-App Purchasing</b> requires <b>Unity Gaming Services</b> to have been initialized before use.
- Find out how to initialize <b>Unity Gaming Services</b> by following the documentation <i>https://docs.unity.com/ugs-overview/services-core-api.html#InitializationExample</i>
or download the <i>06 Initialize Gaming Services</i> sample from <i>Package Manager > In-App Purchasing > Samples</i>.
- If you are using the codeless API, you may want to enable the enable <b>Unity Gaming Services</b> automatic initialization by checking the <b>Automatically initialize Unity Gaming Services</b> checkbox at the bottom of the <b>IAP Catalog</b> window
[11:59:47.365] ERROR   --- [ main       ] UNITY                                   : Coroutine couldn't be started because the the game object 'Cosmetics' is inactive!
[11:59:47.627] HIGH    --- [ main       ] UNITY                                   : finishing flow, login status LoggedIn
[11:59:47.779] HIGH    --- [ main       ] UNITY                                   : *******************updating to LOGGED IN MODE
[11:59:47.781] WARN    --- [ main       ] UNITY                                   : We're showing as fully logged in, but have 0 external accounts on PUID 00022745dbca4ed092c8d078b76e76e1
[11:59:48.175] HIGH    --- [ main       ] UNITY                                   : GET account deletion info 404
[12:01:18.358] FATAL   --- [ main       ] L.G.M.OptionsMenu.Submenus.GeneralMenu  : Opening!!
[12:01:28.395] TRACE   --- [ .NET Threa ] VentLib.Options.OptionManager           : Saving Options to "network.config"
[12:01:28.490] ALL     --- [ .NET Threa ] VentLib.Options.IO.EssFile              : Max Packet Size: 1024
[12:01:28.490] ALL     --- [ .NET Threa ] VentLib.Options.IO.EssFile              : Allow Room Discovery: True
[12:01:28.491] TRACE   --- [ .NET Threa ] VentLib.Options.OptionManager           : Saved Options
[12:01:30.152] FATAL   --- [ main       ] L.G.M.OptionsMenu.Submenus.GeneralMenu  : Opening!!
[12:01:32.115] FATAL   --- [ main       ] L.G.M.OptionsMenu.Submenus.GeneralMenu  : Opening!!
[12:01:34.149] FATAL   --- [ main       ] L.G.M.OptionsMenu.Submenus.GeneralMenu  : Opening!!
